[28-Feb-2023 00:01:44 UTC] ------------------------------
[28-Feb-2023 00:01:44 UTC] https://www.googleapis.com/youtube/v3/videos?key=AIzaSyAfiysBRyIIHIUsenOXURi2xRTRtWBn2A4&channelId=DISBYDEM
[28-Feb-2023 00:01:44 UTC] {"headers":{},"body":"{\n  \"error\": {\n    \"code\": 400,\n    \"message\": \"No filter selected. Expected one of: chart, id, myRating\",\n    \"errors\": [\n      {\n        \"message\": \"No filter selected. Expected one of: chart, id, myRating\",\n        \"domain\": \"youtube.parameter\",\n        \"reason\": \"missingRequiredParameter\",\n        \"location\": \"parameters.\",\n        \"locationType\": \"other\"\n      }\n    ]\n  }\n}\n","response":{"code":400,"message":"Bad Request"},"cookies":[],"filename":null,"http_response":{"data":null,"headers":null,"status":null}}
[28-Feb-2023 00:01:44 UTC] Requests
[28-Feb-2023 00:01:44 UTC] response
[28-Feb-2023 00:01:44 UTC] {"method":"GET","timeout":5,"redirection":5,"httpversion":"1.0","user-agent":"WordPress\/6.1.1; http:\/\/dbdstaging.local","reject_unsafe_urls":false,"blocking":true,"headers":[],"cookies":[],"body":null,"compress":false,"decompress":true,"sslverify":true,"sslcertificates":"D:\\DEVELOPMENT\\Local Sites\\dbdstaging\\app\\public\/wp-includes\/certificates\/ca-bundle.crt","stream":false,"filename":null,"limit_response_size":null,"_redirection":5}
[28-Feb-2023 00:01:45 UTC] Xdebug: [Step Debug] Time-out connecting to debugging client, waited: 200 ms. Tried: ::1:9003 (from HTTP_X_FORWARDED_FOR HTTP header), localhost:9003 (fallback through xdebug.client_host/xdebug.client_port) :-(
[28-Feb-2023 00:01:46 UTC] Xdebug: [Step Debug] Time-out connecting to debugging client, waited: 200 ms. Tried: ::1:9003 (from HTTP_X_FORWARDED_FOR HTTP header), localhost:9003 (fallback through xdebug.client_host/xdebug.client_port) :-(
[28-Feb-2023 00:02:49 UTC] Xdebug: [Step Debug] Time-out connecting to debugging client, waited: 200 ms. Tried: ::1:9003 (from HTTP_X_FORWARDED_FOR HTTP header), localhost:9003 (fallback through xdebug.client_host/xdebug.client_port) :-(
[28-Feb-2023 00:02:50 UTC] Xdebug: [Step Debug] Time-out connecting to debugging client, waited: 200 ms. Tried: ::1:9003 (from HTTP_X_FORWARDED_FOR HTTP header), localhost:9003 (fallback through xdebug.client_host/xdebug.client_port) :-(
[28-Feb-2023 00:03:15 UTC] Xdebug: [Step Debug] Time-out connecting to debugging client, waited: 200 ms. Tried: ::1:9003 (from HTTP_X_FORWARDED_FOR HTTP header), localhost:9003 (fallback through xdebug.client_host/xdebug.client_port) :-(
[28-Feb-2023 00:03:16 UTC] Xdebug: [Step Debug] Time-out connecting to debugging client, waited: 200 ms. Tried: ::1:9003 (from HTTP_X_FORWARDED_FOR HTTP header), localhost:9003 (fallback through xdebug.client_host/xdebug.client_port) :-(
[28-Feb-2023 00:04:50 UTC] Xdebug: [Step Debug] Time-out connecting to debugging client, waited: 200 ms. Tried: ::1:9003 (from HTTP_X_FORWARDED_FOR HTTP header), localhost:9003 (fallback through xdebug.client_host/xdebug.client_port) :-(
[28-Feb-2023 00:04:51 UTC] Xdebug: [Step Debug] Time-out connecting to debugging client, waited: 200 ms. Tried: ::1:9003 (from HTTP_X_FORWARDED_FOR HTTP header), localhost:9003 (fallback through xdebug.client_host/xdebug.client_port) :-(
[28-Feb-2023 00:05:16 UTC] Xdebug: [Step Debug] Time-out connecting to debugging client, waited: 200 ms. Tried: ::1:9003 (from HTTP_X_FORWARDED_FOR HTTP header), localhost:9003 (fallback through xdebug.client_host/xdebug.client_port) :-(
[28-Feb-2023 00:05:17 UTC] Xdebug: [Step Debug] Time-out connecting to debugging client, waited: 200 ms. Tried: ::1:9003 (from HTTP_X_FORWARDED_FOR HTTP header), localhost:9003 (fallback through xdebug.client_host/xdebug.client_port) :-(
[28-Feb-2023 00:06:51 UTC] Xdebug: [Step Debug] Time-out connecting to debugging client, waited: 200 ms. Tried: ::1:9003 (from HTTP_X_FORWARDED_FOR HTTP header), localhost:9003 (fallback through xdebug.client_host/xdebug.client_port) :-(
[28-Feb-2023 00:06:51 UTC] Xdebug: [Step Debug] Time-out connecting to debugging client, waited: 200 ms. Tried: ::1:9003 (from HTTP_X_FORWARDED_FOR HTTP header), localhost:9003 (fallback through xdebug.client_host/xdebug.client_port) :-(
[28-Feb-2023 00:07:17 UTC] Xdebug: [Step Debug] Time-out connecting to debugging client, waited: 200 ms. Tried: ::1:9003 (from HTTP_X_FORWARDED_FOR HTTP header), localhost:9003 (fallback through xdebug.client_host/xdebug.client_port) :-(
[28-Feb-2023 00:07:18 UTC] Xdebug: [Step Debug] Time-out connecting to debugging client, waited: 200 ms. Tried: ::1:9003 (from HTTP_X_FORWARDED_FOR HTTP header), localhost:9003 (fallback through xdebug.client_host/xdebug.client_port) :-(
[28-Feb-2023 00:08:52 UTC] Xdebug: [Step Debug] Time-out connecting to debugging client, waited: 200 ms. Tried: ::1:9003 (from HTTP_X_FORWARDED_FOR HTTP header), localhost:9003 (fallback through xdebug.client_host/xdebug.client_port) :-(
[28-Feb-2023 00:08:52 UTC] Xdebug: [Step Debug] Time-out connecting to debugging client, waited: 200 ms. Tried: ::1:9003 (from HTTP_X_FORWARDED_FOR HTTP header), localhost:9003 (fallback through xdebug.client_host/xdebug.client_port) :-(
[28-Feb-2023 00:09:18 UTC] Xdebug: [Step Debug] Time-out connecting to debugging client, waited: 200 ms. Tried: ::1:9003 (from HTTP_X_FORWARDED_FOR HTTP header), localhost:9003 (fallback through xdebug.client_host/xdebug.client_port) :-(
[28-Feb-2023 00:09:19 UTC] Xdebug: [Step Debug] Time-out connecting to debugging client, waited: 200 ms. Tried: ::1:9003 (from HTTP_X_FORWARDED_FOR HTTP header), localhost:9003 (fallback through xdebug.client_host/xdebug.client_port) :-(
[28-Feb-2023 00:10:53 UTC] Xdebug: [Step Debug] Time-out connecting to debugging client, waited: 200 ms. Tried: ::1:9003 (from HTTP_X_FORWARDED_FOR HTTP header), localhost:9003 (fallback through xdebug.client_host/xdebug.client_port) :-(
[28-Feb-2023 00:10:54 UTC] Xdebug: [Step Debug] Time-out connecting to debugging client, waited: 200 ms. Tried: ::1:9003 (from HTTP_X_FORWARDED_FOR HTTP header), localhost:9003 (fallback through xdebug.client_host/xdebug.client_port) :-(
[28-Feb-2023 00:11:53 UTC] Xdebug: [Step Debug] Time-out connecting to debugging client, waited: 200 ms. Tried: ::1:9003 (from HTTP_X_FORWARDED_FOR HTTP header), localhost:9003 (fallback through xdebug.client_host/xdebug.client_port) :-(
[28-Feb-2023 00:11:53 UTC] Xdebug: [Step Debug] Time-out connecting to debugging client, waited: 200 ms. Tried: ::1:9003 (from HTTP_X_FORWARDED_FOR HTTP header), localhost:9003 (fallback through xdebug.client_host/xdebug.client_port) :-(
[28-Feb-2023 00:11:54 UTC] Xdebug: [Step Debug] Time-out connecting to debugging client, waited: 200 ms. Tried: ::1:9003 (from HTTP_X_FORWARDED_FOR HTTP header), localhost:9003 (fallback through xdebug.client_host/xdebug.client_port) :-(
[28-Feb-2023 00:11:54 UTC] Xdebug: [Step Debug] Time-out connecting to debugging client, waited: 200 ms. Tried: ::1:9003 (from HTTP_X_FORWARDED_FOR HTTP header), localhost:9003 (fallback through xdebug.client_host/xdebug.client_port) :-(
[28-Feb-2023 00:11:55 UTC] ------------------------------
[28-Feb-2023 00:11:55 UTC] https://www.googleapis.com/youtube/v3/videos?key=AIzaSyAfiysBRyIIHIUsenOXURi2xRTRtWBn2A4
[28-Feb-2023 00:11:55 UTC] {"headers":{},"body":"{\n  \"error\": {\n    \"code\": 400,\n    \"message\": \"No filter selected. Expected one of: id, myRating, chart\",\n    \"errors\": [\n      {\n        \"message\": \"No filter selected. Expected one of: id, myRating, chart\",\n        \"domain\": \"youtube.parameter\",\n        \"reason\": \"missingRequiredParameter\",\n        \"location\": \"parameters.\",\n        \"locationType\": \"other\"\n      }\n    ]\n  }\n}\n","response":{"code":400,"message":"Bad Request"},"cookies":[],"filename":null,"http_response":{"data":null,"headers":null,"status":null}}
[28-Feb-2023 00:11:55 UTC] Requests
[28-Feb-2023 00:11:55 UTC] response
[28-Feb-2023 00:11:55 UTC] {"method":"GET","timeout":5,"redirection":5,"httpversion":"1.0","user-agent":"WordPress\/6.1.1; http:\/\/dbdstaging.local","reject_unsafe_urls":false,"blocking":true,"headers":[],"cookies":[],"body":null,"compress":false,"decompress":true,"sslverify":true,"sslcertificates":"D:\\DEVELOPMENT\\Local Sites\\dbdstaging\\app\\public\/wp-includes\/certificates\/ca-bundle.crt","stream":false,"filename":null,"limit_response_size":null,"_redirection":5}
[28-Feb-2023 00:11:56 UTC] Xdebug: [Step Debug] Time-out connecting to debugging client, waited: 200 ms. Tried: ::1:9003 (from HTTP_X_FORWARDED_FOR HTTP header), localhost:9003 (fallback through xdebug.client_host/xdebug.client_port) :-(
[28-Feb-2023 00:11:56 UTC] Xdebug: [Step Debug] Time-out connecting to debugging client, waited: 200 ms. Tried: ::1:9003 (from HTTP_X_FORWARDED_FOR HTTP header), localhost:9003 (fallback through xdebug.client_host/xdebug.client_port) :-(
[28-Feb-2023 00:12:59 UTC] Xdebug: [Step Debug] Time-out connecting to debugging client, waited: 200 ms. Tried: ::1:9003 (from HTTP_X_FORWARDED_FOR HTTP header), localhost:9003 (fallback through xdebug.client_host/xdebug.client_port) :-(
[28-Feb-2023 00:13:00 UTC] Xdebug: [Step Debug] Time-out connecting to debugging client, waited: 200 ms. Tried: ::1:9003 (from HTTP_X_FORWARDED_FOR HTTP header), localhost:9003 (fallback through xdebug.client_host/xdebug.client_port) :-(
[28-Feb-2023 00:13:53 UTC] Xdebug: [Step Debug] Time-out connecting to debugging client, waited: 200 ms. Tried: ::1:9003 (from HTTP_X_FORWARDED_FOR HTTP header), localhost:9003 (fallback through xdebug.client_host/xdebug.client_port) :-(
[28-Feb-2023 00:13:54 UTC] Xdebug: [Step Debug] Time-out connecting to debugging client, waited: 200 ms. Tried: ::1:9003 (from HTTP_X_FORWARDED_FOR HTTP header), localhost:9003 (fallback through xdebug.client_host/xdebug.client_port) :-(
[28-Feb-2023 00:13:56 UTC] ------------------------------
[28-Feb-2023 00:13:56 UTC] https://www.googleapis.com/youtube/v3/videos?key=AIzaSyAfiysBRyIIHIUsenOXURi2xRTRtWBn2A4&part=snippet,contentDetails,statistics&Id=UC_x5XG1OV2P6uZZ5FSM9Ttw
[28-Feb-2023 00:13:56 UTC] {"headers":{},"body":"{\n  \"error\": {\n    \"code\": 400,\n    \"message\": \"No filter selected. Expected one of: chart, myRating, id\",\n    \"errors\": [\n      {\n        \"message\": \"No filter selected. Expected one of: chart, myRating, id\",\n        \"domain\": \"youtube.parameter\",\n        \"reason\": \"missingRequiredParameter\",\n        \"location\": \"parameters.\",\n        \"locationType\": \"other\"\n      }\n    ]\n  }\n}\n","response":{"code":400,"message":"Bad Request"},"cookies":[],"filename":null,"http_response":{"data":null,"headers":null,"status":null}}
[28-Feb-2023 00:13:56 UTC] Requests
[28-Feb-2023 00:13:56 UTC] response
[28-Feb-2023 00:13:56 UTC] {"method":"GET","timeout":5,"redirection":5,"httpversion":"1.0","user-agent":"WordPress\/6.1.1; http:\/\/dbdstaging.local","reject_unsafe_urls":false,"blocking":true,"headers":[],"cookies":[],"body":null,"compress":false,"decompress":true,"sslverify":true,"sslcertificates":"D:\\DEVELOPMENT\\Local Sites\\dbdstaging\\app\\public\/wp-includes\/certificates\/ca-bundle.crt","stream":false,"filename":null,"limit_response_size":null,"_redirection":5}
[28-Feb-2023 00:13:57 UTC] Xdebug: [Step Debug] Time-out connecting to debugging client, waited: 200 ms. Tried: ::1:9003 (from HTTP_X_FORWARDED_FOR HTTP header), localhost:9003 (fallback through xdebug.client_host/xdebug.client_port) :-(
[28-Feb-2023 00:13:57 UTC] Xdebug: [Step Debug] Time-out connecting to debugging client, waited: 200 ms. Tried: ::1:9003 (from HTTP_X_FORWARDED_FOR HTTP header), localhost:9003 (fallback through xdebug.client_host/xdebug.client_port) :-(
[28-Feb-2023 00:13:59 UTC] Xdebug: [Step Debug] Time-out connecting to debugging client, waited: 200 ms. Tried: ::1:9003 (from HTTP_X_FORWARDED_FOR HTTP header), localhost:9003 (fallback through xdebug.client_host/xdebug.client_port) :-(
[28-Feb-2023 00:13:59 UTC] Xdebug: [Step Debug] Time-out connecting to debugging client, waited: 200 ms. Tried: ::1:9003 (from HTTP_X_FORWARDED_FOR HTTP header), localhost:9003 (fallback through xdebug.client_host/xdebug.client_port) :-(
[28-Feb-2023 00:14:54 UTC] Xdebug: [Step Debug] Time-out connecting to debugging client, waited: 200 ms. Tried: ::1:9003 (from HTTP_X_FORWARDED_FOR HTTP header), localhost:9003 (fallback through xdebug.client_host/xdebug.client_port) :-(
[28-Feb-2023 00:14:54 UTC] Xdebug: [Step Debug] Time-out connecting to debugging client, waited: 200 ms. Tried: ::1:9003 (from HTTP_X_FORWARDED_FOR HTTP header), localhost:9003 (fallback through xdebug.client_host/xdebug.client_port) :-(
[28-Feb-2023 00:15:00 UTC] Xdebug: [Step Debug] Time-out connecting to debugging client, waited: 200 ms. Tried: ::1:9003 (from HTTP_X_FORWARDED_FOR HTTP header), localhost:9003 (fallback through xdebug.client_host/xdebug.client_port) :-(
[28-Feb-2023 00:15:00 UTC] Xdebug: [Step Debug] Time-out connecting to debugging client, waited: 200 ms. Tried: ::1:9003 (from HTTP_X_FORWARDED_FOR HTTP header), localhost:9003 (fallback through xdebug.client_host/xdebug.client_port) :-(
[28-Feb-2023 00:16:55 UTC] Xdebug: [Step Debug] Time-out connecting to debugging client, waited: 200 ms. Tried: ::1:9003 (from HTTP_X_FORWARDED_FOR HTTP header), localhost:9003 (fallback through xdebug.client_host/xdebug.client_port) :-(
[28-Feb-2023 00:16:56 UTC] Xdebug: [Step Debug] Time-out connecting to debugging client, waited: 200 ms. Tried: ::1:9003 (from HTTP_X_FORWARDED_FOR HTTP header), localhost:9003 (fallback through xdebug.client_host/xdebug.client_port) :-(
[28-Feb-2023 00:17:01 UTC] Xdebug: [Step Debug] Time-out connecting to debugging client, waited: 200 ms. Tried: ::1:9003 (from HTTP_X_FORWARDED_FOR HTTP header), localhost:9003 (fallback through xdebug.client_host/xdebug.client_port) :-(
[28-Feb-2023 00:17:02 UTC] Xdebug: [Step Debug] Time-out connecting to debugging client, waited: 200 ms. Tried: ::1:9003 (from HTTP_X_FORWARDED_FOR HTTP header), localhost:9003 (fallback through xdebug.client_host/xdebug.client_port) :-(
